{"/Users/mishal/Projects/mashrook/client/app/components/auth/route-guards.tsx": {"path":"/Users/mishal/Projects/mashrook/client/app/components/auth/route-guards.tsx","statementMap":{"0":{"start":{"line":17,"column":1},"end":{"line":26,"column":null}},"1":{"start":{"line":63,"column":42},"end":{"line":63,"column":null}},"2":{"start":{"line":64,"column":7},"end":{"line":64,"column":null}},"3":{"start":{"line":67,"column":1},"end":{"line":69,"column":null}},"4":{"start":{"line":68,"column":2},"end":{"line":68,"column":null}},"5":{"start":{"line":72,"column":1},"end":{"line":77,"column":null}},"6":{"start":{"line":74,"column":22},"end":{"line":74,"column":null}},"7":{"start":{"line":75,"column":20},"end":{"line":75,"column":null}},"8":{"start":{"line":76,"column":2},"end":{"line":76,"column":null}},"9":{"start":{"line":80,"column":1},"end":{"line":89,"column":null}},"10":{"start":{"line":83,"column":3},"end":{"line":83,"column":null}},"11":{"start":{"line":85,"column":2},"end":{"line":88,"column":null}},"12":{"start":{"line":87,"column":3},"end":{"line":87,"column":null}},"13":{"start":{"line":92,"column":1},"end":{"line":92,"column":null}},"14":{"start":{"line":111,"column":1},"end":{"line":113,"column":null}},"15":{"start":{"line":112,"column":2},"end":{"line":112,"column":null}},"16":{"start":{"line":116,"column":1},"end":{"line":122,"column":null}},"17":{"start":{"line":117,"column":18},"end":{"line":117,"column":null}},"18":{"start":{"line":119,"column":2},"end":{"line":119,"column":null}},"19":{"start":{"line":121,"column":2},"end":{"line":121,"column":null}},"20":{"start":{"line":147,"column":36},"end":{"line":147,"column":null}},"21":{"start":{"line":148,"column":7},"end":{"line":148,"column":null}},"22":{"start":{"line":151,"column":1},"end":{"line":153,"column":null}},"23":{"start":{"line":152,"column":2},"end":{"line":152,"column":null}},"24":{"start":{"line":156,"column":1},"end":{"line":170,"column":null}},"25":{"start":{"line":158,"column":23},"end":{"line":158,"column":null}},"26":{"start":{"line":159,"column":20},"end":{"line":159,"column":null}},"27":{"start":{"line":162,"column":2},"end":{"line":167,"column":null}},"28":{"start":{"line":163,"column":22},"end":{"line":163,"column":null}},"29":{"start":{"line":164,"column":3},"end":{"line":166,"column":null}},"30":{"start":{"line":165,"column":4},"end":{"line":165,"column":null}},"31":{"start":{"line":169,"column":2},"end":{"line":169,"column":null}},"32":{"start":{"line":173,"column":1},"end":{"line":173,"column":null}}},"fnMap":{"0":{"name":"LoadingIndicator","decl":{"start":{"line":16,"column":9},"end":{"line":16,"column":39}},"loc":{"start":{"line":16,"column":39},"end":{"line":28,"column":null}},"line":16},"1":{"name":"ProtectedRoute","decl":{"start":{"line":59,"column":16},"end":{"line":59,"column":31}},"loc":{"start":{"line":62,"column":35},"end":{"line":93,"column":null}},"line":62},"2":{"name":"isValidReturnUrl","decl":{"start":{"line":109,"column":9},"end":{"line":109,"column":26}},"loc":{"start":{"line":109,"column":48},"end":{"line":123,"column":null}},"line":109},"3":{"name":"PublicRoute","decl":{"start":{"line":143,"column":16},"end":{"line":143,"column":28}},"loc":{"start":{"line":146,"column":32},"end":{"line":174,"column":null}},"line":146}},"branchMap":{"0":{"loc":{"start":{"line":67,"column":1},"end":{"line":69,"column":null}},"type":"if","locations":[{"start":{"line":67,"column":1},"end":{"line":69,"column":null}},{"start":{},"end":{}}],"line":67},"1":{"loc":{"start":{"line":72,"column":1},"end":{"line":77,"column":null}},"type":"if","locations":[{"start":{"line":72,"column":1},"end":{"line":77,"column":null}},{"start":{},"end":{}}],"line":72},"2":{"loc":{"start":{"line":80,"column":1},"end":{"line":89,"column":null}},"type":"if","locations":[{"start":{"line":80,"column":1},"end":{"line":89,"column":null}},{"start":{},"end":{}}],"line":80},"3":{"loc":{"start":{"line":80,"column":5},"end":{"line":80,"column":54}},"type":"binary-expr","locations":[{"start":{"line":80,"column":5},"end":{"line":80,"column":21}},{"start":{"line":80,"column":21},"end":{"line":80,"column":48}},{"start":{"line":80,"column":48},"end":{"line":80,"column":54}}],"line":80},"4":{"loc":{"start":{"line":83,"column":3},"end":{"line":83,"column":null}},"type":"binary-expr","locations":[{"start":{"line":83,"column":3},"end":{"line":83,"column":28}},{"start":{"line":83,"column":28},"end":{"line":83,"column":null}}],"line":83},"5":{"loc":{"start":{"line":85,"column":2},"end":{"line":88,"column":null}},"type":"if","locations":[{"start":{"line":85,"column":2},"end":{"line":88,"column":null}},{"start":{},"end":{}}],"line":85},"6":{"loc":{"start":{"line":111,"column":1},"end":{"line":113,"column":null}},"type":"if","locations":[{"start":{"line":111,"column":1},"end":{"line":113,"column":null}},{"start":{},"end":{}}],"line":111},"7":{"loc":{"start":{"line":111,"column":5},"end":{"line":111,"column":51}},"type":"binary-expr","locations":[{"start":{"line":111,"column":5},"end":{"line":111,"column":29}},{"start":{"line":111,"column":29},"end":{"line":111,"column":51}}],"line":111},"8":{"loc":{"start":{"line":145,"column":1},"end":{"line":145,"column":null}},"type":"default-arg","locations":[{"start":{"line":145,"column":14},"end":{"line":145,"column":null}}],"line":145},"9":{"loc":{"start":{"line":151,"column":1},"end":{"line":153,"column":null}},"type":"if","locations":[{"start":{"line":151,"column":1},"end":{"line":153,"column":null}},{"start":{},"end":{}}],"line":151},"10":{"loc":{"start":{"line":156,"column":1},"end":{"line":170,"column":null}},"type":"if","locations":[{"start":{"line":156,"column":1},"end":{"line":170,"column":null}},{"start":{},"end":{}}],"line":156},"11":{"loc":{"start":{"line":162,"column":2},"end":{"line":167,"column":null}},"type":"if","locations":[{"start":{"line":162,"column":2},"end":{"line":167,"column":null}},{"start":{},"end":{}}],"line":162},"12":{"loc":{"start":{"line":164,"column":3},"end":{"line":166,"column":null}},"type":"if","locations":[{"start":{"line":164,"column":3},"end":{"line":166,"column":null}},{"start":{},"end":{}}],"line":164}},"s":{"0":4,"1":15,"2":15,"3":15,"4":2,"5":13,"6":5,"7":5,"8":5,"9":8,"10":5,"11":5,"12":1,"13":7,"14":3,"15":1,"16":2,"17":2,"18":2,"19":0,"20":12,"21":12,"22":12,"23":2,"24":10,"25":9,"26":9,"27":9,"28":3,"29":3,"30":2,"31":7,"32":1},"f":{"0":4,"1":15,"2":3,"3":12},"b":{"0":[2,13],"1":[5,8],"2":[5,3],"3":[8,5,5],"4":[5,4],"5":[1,4],"6":[1,2],"7":[3,2],"8":[12],"9":[2,10],"10":[9,1],"11":[3,6],"12":[2,1]},"meta":{"lastBranch":13,"lastFunction":4,"lastStatement":33,"seen":{"f:16:9:16:39":0,"s:17:1:26:Infinity":0,"f:59:16:59:31":1,"s:63:42:63:Infinity":1,"s:64:7:64:Infinity":2,"b:67:1:69:Infinity:undefined:undefined:undefined:undefined":0,"s:67:1:69:Infinity":3,"s:68:2:68:Infinity":4,"b:72:1:77:Infinity:undefined:undefined:undefined:undefined":1,"s:72:1:77:Infinity":5,"s:74:22:74:Infinity":6,"s:75:20:75:Infinity":7,"s:76:2:76:Infinity":8,"b:80:1:89:Infinity:undefined:undefined:undefined:undefined":2,"s:80:1:89:Infinity":9,"b:80:5:80:21:80:21:80:48:80:48:80:54":3,"s:83:3:83:Infinity":10,"b:83:3:83:28:83:28:83:Infinity":4,"b:85:2:88:Infinity:undefined:undefined:undefined:undefined":5,"s:85:2:88:Infinity":11,"s:87:3:87:Infinity":12,"s:92:1:92:Infinity":13,"f:109:9:109:26":2,"b:111:1:113:Infinity:undefined:undefined:undefined:undefined":6,"s:111:1:113:Infinity":14,"b:111:5:111:29:111:29:111:51":7,"s:112:2:112:Infinity":15,"s:116:1:122:Infinity":16,"s:117:18:117:Infinity":17,"s:119:2:119:Infinity":18,"s:121:2:121:Infinity":19,"f:143:16:143:28":3,"b:145:14:145:Infinity":8,"s:147:36:147:Infinity":20,"s:148:7:148:Infinity":21,"b:151:1:153:Infinity:undefined:undefined:undefined:undefined":9,"s:151:1:153:Infinity":22,"s:152:2:152:Infinity":23,"b:156:1:170:Infinity:undefined:undefined:undefined:undefined":10,"s:156:1:170:Infinity":24,"s:158:23:158:Infinity":25,"s:159:20:159:Infinity":26,"b:162:2:167:Infinity:undefined:undefined:undefined:undefined":11,"s:162:2:167:Infinity":27,"s:163:22:163:Infinity":28,"b:164:3:166:Infinity:undefined:undefined:undefined:undefined":12,"s:164:3:166:Infinity":29,"s:165:4:165:Infinity":30,"s:169:2:169:Infinity":31,"s:173:1:173:Infinity":32}}}
}
